<component name="libraryTable">
  <library name="junit">
    <CLASSES>
      <root url="jar://C:/junit-4.10.jar!/junit" />
    </CLASSES>
    <JAVADOC />
    <SOURCES />
  </library>
</component>